<?xml version="1.0" encoding="UTF-8" standalone="no"?><testsuite errors="0" failures="0" name="CP01 - Validar resolución de la XVI Evaluación del Módulo Encuesta" skipped="0" tests="6" time="44.83" timestamp="2023-09-14 04:15:08"><testcase name="CP01/01 - Validar resolución de evaluación de entrada"/><testcase name="CP01/02 - Validar resolución de primera evaluación parcial"/><testcase name="CP01/03 - Validar resolución de segunda evaluación parcial"/><testcase name="CP01/04 - Validar resolución de tercera evaluación parcial"/><testcase name="CP01/05 - Validar resolución de cuarta evaluación parcial"/><testcase name="CP01/06 - Validar resolución de examen final"/></testsuite>